-catch_rsh /opt/gridengine/default/spool/compute-4-2/active_jobs/9151933.1/pe_hostfile
compute-4-2
compute-4-2
compute-4-2
compute-4-2
compute-4-2
compute-4-2
compute-4-2
compute-4-2
compute-4-2
compute-4-2
compute-4-2
compute-4-2
compute-4-2
compute-4-2
compute-4-2
compute-4-2
compute-4-2
compute-4-2
compute-4-2
compute-4-2
compute-4-2
compute-4-2
compute-4-2
compute-4-2
compute-4-2
compute-4-2
compute-4-2
compute-4-2
compute-4-2
compute-4-2
compute-4-2
compute-4-2
compute-4-2
compute-4-2
compute-4-2
compute-4-2
compute-4-2
compute-4-2
compute-4-2
compute-4-2
compute-3-7
*******************************************************************************
* irace: An implementation in R of Iterated Race
* Version: 2.2.1730M
* Copyright (C) 2010-2016
* Manuel Lopez-Ibanez     <manuel.lopez-ibanez@manchester.ac.uk>
* Jeremie Dubois-Lacoste  <jeremie.dubois-lacoste@ulb.ac.be>
* Leslie Perez Caceres    <leslie.perez.caceres@ulb.ac.be>
*
* This is free software, and you are welcome to redistribute it under certain
* conditions.  See the GNU General Public License for details. There is NO
* WARRANTY; not even for MERCHANTABILITY or FITNESS FOR A PARTICULAR PURPOSE.
*
* irace builds upon previous code from the race package:
*
* race: Racing methods for the selection of the best
* Copyright (C) 2003 Mauro Birattari
*******************************************************************************
	installed at: /home/cstrebelle/R/x86_64-redhat-linux-gnu-library/3.5/irace
# 16 expression(s) specifying dependent domains read from '/home/cstrebelle/AutoMoDe-Harlequin/optimization/foraging/grammars/depend_config.txt'
# 2019-07-19 13:51:32 CEST: Elitist race
# Elitist new instances: 1
# Elitist limit: 2

# 2019-07-19 13:51:32 CEST: Initialization
# nbIterations: 8
# minNbSurvival: 8
# nbParameters: 121
# seed: 1234570
# confidence level: 0.95
# budget: 2e+05
# mu: 5
# deterministic: FALSE

# 2019-07-19 13:51:32 CEST: Iteration 1 of 8
# experimentsUsedSoFar: 0
# remainingBudget: 2e+05
# currentBudget: 25000
# nbConfigurations: 1024
  Markers:
     x No test is performed.
     - The test is performed and some configurations are discarded.
     = The test is performed but no configuration is discarded.
     ! The test is performed and configurations could be discarded but elite configurations are preserved.
                                                                   
+-+-----------+-----------+-----------+---------------+-----------+--------+-----+----+------+
| |   Instance|      Alive|       Best|      Mean best| Exp so far|  W time|  rho|KenW|  Qvar|
+-+-----------+-----------+-----------+---------------+-----------+--------+-----+----+------+
